<?xml version="1.0" encoding="UTF-8" ?>
<testsuite skipped="0" tests="1" failures="0" errors="0" name="de.steri.cache.hashmap.HashMapTest" time="0">
  <properties>
    <property value="IBM Corporation" name="java.vendor"/>
    <property value="SUN_STANDARD" name="sun.java.launcher"/>
    <property value="Windows 7" name="os.name"/>
    <property value="C:\SDP85\runtimes\base_v7\java\jre\lib\vm.jar;C:\SDP85\runtimes\base_v7\java\jre\lib\annotation.jar;C:\SDP85\runtimes\base_v7\java\jre\lib\beans.jar;C:\SDP85\runtimes\base_v7\java\jre\lib\java.util.jar;C:\SDP85\runtimes\base_v7\java\jre\lib\jndi.jar;C:\SDP85\runtimes\base_v7\java\jre\lib\logging.jar;C:\SDP85\runtimes\base_v7\java\jre\lib\security.jar;C:\SDP85\runtimes\base_v7\java\jre\lib\sql.jar;C:\SDP85\runtimes\base_v7\java\jre\lib\ibmorb.jar;C:\SDP85\runtimes\base_v7\java\jre\lib\ibmorbapi.jar;C:\SDP85\runtimes\base_v7\java\jre\lib\ibmcfw.jar;C:\SDP85\runtimes\base_v7\java\jre\lib\rt.jar;C:\SDP85\runtimes\base_v7\java\jre\lib\charsets.jar;C:\SDP85\runtimes\base_v7\java\jre\lib\resources.jar;C:\SDP85\runtimes\base_v7\java\jre\lib\ibmpkcs.jar;C:\SDP85\runtimes\base_v7\java\jre\lib\ibmcertpathfw.jar;C:\SDP85\runtimes\base_v7\java\jre\lib\ibmjgssfw.jar;C:\SDP85\runtimes\base_v7\java\jre\lib\ibmjssefw.jar;C:\SDP85\runtimes\base_v7\java\jre\lib\ibmsaslfw.jar;C:\SDP85\runtimes\base_v7\java\jre\lib\ibmjcefw.jar;C:\SDP85\runtimes\base_v7\java\jre\lib\ibmjgssprovider.jar;C:\SDP85\runtimes\base_v7\java\jre\lib\ibmjsseprovider2.jar;C:\SDP85\runtimes\base_v7\java\jre\lib\ibmcertpathprovider.jar;C:\SDP85\runtimes\base_v7\java\jre\lib\management-agent.jar;C:\SDP85\runtimes\base_v7\java\jre\lib\xml.jar;C:\SDP85\runtimes\base_v7\java\jre\lib\jlm.jar;C:\SDP85\runtimes\base_v7\java\jre\lib\javascript.jar" name="sun.boot.class.path"/>
    <property value="" name="sun.java2d.fontpath"/>
    <property value="Sun Microsystems Inc." name="java.vm.specification.vendor"/>
    <property value="pwi3260sr12-20121025_01 (SR12)" name="java.runtime.version"/>
    <property value="aeia" name="user.name"/>
    <property value="j9jit24" name="java.compiler"/>
    <property value="UTF8" name="os.encoding"/>
    <property value="true" name="guice.disable.misplaced.annotation.check"/>
    <property value="" name="com.ibm.util.extralibs.properties"/>
    <property value="" name="com.ibm.jcl.checkClassPath"/>
    <property value="de" name="user.language"/>
    <property value="C:\SDP85\runtimes\base_v7\java\jre\bin" name="com.ibm.oti.vm.bootstrap.library.path"/>
    <property value="C:\SDP85\runtimes\base_v7\java\jre\bin" name="sun.boot.library.path"/>
    <property value="C:\springsource\apache-maven-3.0.4\bin\..\bin\m2.conf" name="classworlds.conf"/>
    <property value="1.6.0" name="java.version"/>
    <property value="Europe/Berlin" name="user.timezone"/>
    <property value="32" name="sun.arch.data.model"/>
    <property value="1" name="com.ibm.zero.version"/>
    <property value="C:\SDP85\runtimes\base_v7\java\jre\lib\endorsed" name="java.endorsed.dirs"/>
    <property value="24" name="com.ibm.oti.vm.library.version"/>
    <property value="Cp1252" name="sun.jnu.encoding"/>
    <property value="15" name="jxe.current.romimage.version"/>
    <property value="\" name="file.separator"/>
    <property value="Java Platform API Specification" name="java.specification.name"/>
    <property value="50.0" name="java.class.version"/>
    <property value="DE" name="user.country"/>
    <property value="C:\SDP85\runtimes\base_v7\java\jre" name="java.home"/>
    <property value="JRE 1.6.0 IBM J9 2.4 Windows 7 x86-32 jvmwi3260sr12-20121024_126067 (JIT enabled, AOT enabled)
J9VM - 20121024_126067
JIT  - r9_20120914_26057
GC   - 20120928_AA" name="java.vm.info"/>
    <property value="6.1 build 7601 Service Pack 1" name="os.version"/>
    <property value="" name="java.awt.fonts"/>
    <property value=";" name="path.separator"/>
    <property value="2.4" name="java.vm.version"/>
    <property value="java.util.prefs.WindowsPreferencesFactory" name="java.util.prefs.PreferencesFactory"/>
    <property value="" name="user.variant"/>
    <property value="Cp850" name="console.encoding"/>
    <property value="sun.awt.windows.WPrinterJob" name="java.awt.printerjob"/>
    <property value="UnicodeLittle" name="sun.io.unicode.encoding"/>
    <property value="sun.awt.windows.WToolkit" name="awt.toolkit"/>
    <property value="true" name="ibm.signalhandling.sigint"/>
    <property value="ON" name="java.assistive"/>
    <property value="\\nasdc1p1\user_ku$\aeia\Daten" name="user.home"/>
    <property value="little" name="com.ibm.cpu.endian"/>
    <property value="Sun Microsystems Inc." name="java.specification.vendor"/>
    <property value="true" name="ibm.signalhandling.sigchain"/>
    <property value="C:\SDP85\runtimes\base_v7\java\jre\bin;C:\Windows\SysWOW64;C:\Windows;\\D9992104\NETLOGON;C:\Program Files (x86)\ant-1.7.0\bin;c:\oracle\x64\ora11\bin;c:\oracle\x86\ora11\bin;C:\Windows\system32;C:\Windows;C:\Windows\system32\wbem;C:\Windows\system32\windowspowershell\v1.0\;c:\program files (x86)\ibm\gsk8\lib;C:\PROGRA~2\UDB\SQLLIB\BIN;C:\PROGRA~2\UDB\SQLLIB\FUNCTION;C:\PROGRA~2\UDB\SQLLIB\SAMPLES\REPL;C:\SDP85\runtimes\base_v7\java\bin;C:\Program Files (x86)\HOBLINK\HL3270;C:\springsource\apache-maven-3.0.4/bin;;C:\SDP85\runtimes\base_v7\java\bin;C:\Program Files (x86)\Citrix\system32\;." name="java.library.path"/>
    <property value="http://www.ibm.com/" name="java.vendor.url"/>
    <property value="IBM Corporation" name="java.vm.vendor"/>
    <property value="JRE 1.6.0 IBM J9 2.4 Windows 7 x86-32 jvmwi3260sr12-20121024_126067 (JIT enabled, AOT enabled)
J9VM - 20121024_126067
JIT  - r9_20120914_26057
GC   - 20120928_AA" name="java.fullversion"/>
    <property value="C:\springsource\apache-maven-3.0.4\bin\.." name="maven.home"/>
    <property value="Java(TM) SE Runtime Environment" name="java.runtime.name"/>
    <property value="org.codehaus.plexus.classworlds.launcher.Launcher clean install" name="sun.java.command"/>
    <property value="C:\springsource\apache-maven-3.0.4\bin\..\boot\plexus-classworlds-2.4.jar" name="java.class.path"/>
    <property value="Java Virtual Machine Specification" name="java.vm.specification.name"/>
    <property value="1.0" name="java.vm.specification.version"/>
    <property value="little" name="sun.cpu.endian"/>
    <property value="C:\Users\aeia\AppData\Local\Temp\" name="java.io.tmpdir"/>
    <property value="20121014_01" name="java.jcl.version"/>
    <property value="Cp1252" name="ibm.system.encoding"/>
    <property value="x86" name="os.arch"/>
    <property value="sun.awt.Win32GraphicsEnvironment" name="java.awt.graphicsenv"/>
    <property value="false" name="ibm.signalhandling.rs"/>
    <property value="C:\SDP85\runtimes\base_v7\java\jre\lib\ext" name="java.ext.dirs"/>
    <property value="C:\springsource\workspace\Cache_Examples" name="user.dir"/>
    <property value="
" name="line.separator"/>
    <property value="IBM J9 VM" name="java.vm.name"/>
    <property value="false" name="com.ibm.oti.shared.enabled"/>
    <property value="32" name="com.ibm.vm.bitmode"/>
    <property value="15" name="jxe.lowest.romimage.version"/>
    <property value="Cp1252" name="file.encoding"/>
    <property value="scar" name="com.ibm.oti.configuration"/>
    <property value="1.6" name="java.specification.version"/>
    <property value="20120915_0846" name="com.ibm.oti.jcl.build"/>
  </properties>
  <testcase classname="de.steri.cache.hashmap.HashMapTest" name="testHashMapExampleTest" time="0"/>
</testsuite>